<?xml version="1.0" encoding="UTF-8"?>
<testsuite xmlns:xsi="http://www.w3.org/2001/XMLSchema-instance" xsi:noNamespaceSchemaLocation="https://maven.apache.org/surefire/maven-surefire-plugin/xsd/surefire-test-report-3.0.xsd" version="3.0" name="com.hms.appointment.repository.AppointmentRepositoryTest" time="2.987" tests="3" errors="0" skipped="0" failures="0">
  <properties>
[...]
</properties>
  <testcase name="testSaveAppointment" classname="com.hms.appointment.repository.AppointmentRepositoryTest" time="0.072">
    <system-out><![CDATA[2025-11-15T20:55:24.856+05:30  INFO 10580 --- [appointment-service] [           main] t.c.s.AnnotationConfigContextLoaderUtils : Could not detect default configuration classes for test class [com.hms.appointment.repository.AppointmentRepositoryTest]: AppointmentRepositoryTest does not declare any static, non-private, non-final, nested classes annotated with @Configuration.
2025-11-15T20:55:24.897+05:30  INFO 10580 --- [appointment-service] [           main] .b.t.c.SpringBootTestContextBootstrapper : Found @SpringBootConfiguration com.hms.appointment.AppointmentServiceApplication for test class com.hms.appointment.repository.AppointmentRepositoryTest

  .   ____          _            __ _ _
 /\\ / ___'_ __ _ _(_)_ __  __ _ \ \ \ \
( ( )\___ | '_ | '_| | '_ \/ _` | \ \ \ \
 \\/  ___)| |_)| | | | | || (_| |  ) ) ) )
  '  |____| .__|_| |_|_| |_\__, | / / / /
 =========|_|==============|___/=/_/_/_/
 :: Spring Boot ::                (v3.2.0)

2025-11-15T20:55:25.114+05:30  INFO 10580 --- [appointment-service] [           main] c.h.a.r.AppointmentRepositoryTest        : Starting AppointmentRepositoryTest using Java 20.0.2 with PID 10580 (started by KIIT in C:\Users\KIIT\Desktop\Hospital Management System\appointment-service)
2025-11-15T20:55:25.114+05:30  INFO 10580 --- [appointment-service] [           main] c.h.a.r.AppointmentRepositoryTest        : No active profile set, falling back to 1 default profile: "default"
2025-11-15T20:55:25.309+05:30  INFO 10580 --- [appointment-service] [           main] .s.d.r.c.RepositoryConfigurationDelegate : Bootstrapping Spring Data JPA repositories in DEFAULT mode.
2025-11-15T20:55:25.356+05:30  INFO 10580 --- [appointment-service] [           main] .s.d.r.c.RepositoryConfigurationDelegate : Finished Spring Data repository scanning in 39 ms. Found 1 JPA repository interface.
2025-11-15T20:55:25.403+05:30  INFO 10580 --- [appointment-service] [           main] beddedDataSourceBeanFactoryPostProcessor : Replacing 'dataSource' DataSource bean with embedded version
2025-11-15T20:55:25.468+05:30  INFO 10580 --- [appointment-service] [           main] o.s.j.d.e.EmbeddedDatabaseFactory        : Starting embedded database: url='jdbc:h2:mem:79b749e5-7e82-49bf-bf98-1ebfbe15da58;DB_CLOSE_DELAY=-1;DB_CLOSE_ON_EXIT=false', username='sa'
2025-11-15T20:55:25.795+05:30  INFO 10580 --- [appointment-service] [           main] o.hibernate.jpa.internal.util.LogHelper  : HHH000204: Processing PersistenceUnitInfo [name: default]
2025-11-15T20:55:25.958+05:30  INFO 10580 --- [appointment-service] [           main] org.hibernate.Version                    : HHH000412: Hibernate ORM core version 6.3.1.Final
2025-11-15T20:55:26.052+05:30  INFO 10580 --- [appointment-service] [           main] o.h.c.internal.RegionFactoryInitiator    : HHH000026: Second-level cache disabled
2025-11-15T20:55:26.151+05:30  INFO 10580 --- [appointment-service] [           main] o.s.o.j.p.SpringPersistenceUnitInfo      : No LoadTimeWeaver setup: ignoring JPA class transformer
2025-11-15T20:55:26.839+05:30  INFO 10580 --- [appointment-service] [           main] o.h.e.t.j.p.i.JtaPlatformInitiator       : HHH000489: No JTA platform available (set 'hibernate.transaction.jta.platform' to enable JTA platform integration)
Hibernate: create table appointments (id bigint generated by default as identity, appointment_date_time timestamp(6) not null, created_at timestamp(6), department varchar(255), doctor_id bigint not null, duration_minutes integer, notes TEXT, patient_id bigint not null, reason varchar(255), status varchar(255) check (status in ('SCHEDULED','CONFIRMED','IN_PROGRESS','COMPLETED','CANCELLED','NO_SHOW')), updated_at timestamp(6), primary key (id))
2025-11-15T20:55:26.892+05:30  INFO 10580 --- [appointment-service] [           main] j.LocalContainerEntityManagerFactoryBean : Initialized JPA EntityManagerFactory for persistence unit 'default'
2025-11-15T20:55:27.243+05:30  INFO 10580 --- [appointment-service] [           main] o.s.d.j.r.query.QueryEnhancerFactory     : Hibernate is in classpath; If applicable, HQL parser will be used.
2025-11-15T20:55:27.660+05:30  INFO 10580 --- [appointment-service] [           main] c.h.a.r.AppointmentRepositoryTest        : Started AppointmentRepositoryTest in 2.756 seconds (process running for 8.027)
Hibernate: insert into appointments (appointment_date_time,created_at,department,doctor_id,duration_minutes,notes,patient_id,reason,status,updated_at,id) values (?,?,?,?,?,?,?,?,?,?,default)
]]></system-out>
  </testcase>
  <testcase name="testFindByPatientId" classname="com.hms.appointment.repository.AppointmentRepositoryTest" time="0.093">
    <system-out><![CDATA[Hibernate: insert into appointments (appointment_date_time,created_at,department,doctor_id,duration_minutes,notes,patient_id,reason,status,updated_at,id) values (?,?,?,?,?,?,?,?,?,?,default)
Hibernate: select a1_0.id,a1_0.appointment_date_time,a1_0.created_at,a1_0.department,a1_0.doctor_id,a1_0.duration_minutes,a1_0.notes,a1_0.patient_id,a1_0.reason,a1_0.status,a1_0.updated_at from appointments a1_0 where a1_0.patient_id=?
]]></system-out>
  </testcase>
  <testcase name="testFindByDoctorId" classname="com.hms.appointment.repository.AppointmentRepositoryTest" time="0.007">
    <system-out><![CDATA[Hibernate: insert into appointments (appointment_date_time,created_at,department,doctor_id,duration_minutes,notes,patient_id,reason,status,updated_at,id) values (?,?,?,?,?,?,?,?,?,?,default)
Hibernate: select a1_0.id,a1_0.appointment_date_time,a1_0.created_at,a1_0.department,a1_0.doctor_id,a1_0.duration_minutes,a1_0.notes,a1_0.patient_id,a1_0.reason,a1_0.status,a1_0.updated_at from appointments a1_0 where a1_0.doctor_id=?
]]></system-out>
  </testcase>
</testsuite>